<?xml version="1.0" encoding="UTF-8"?>
<!-- Generated by org.testng.reporters.JUnitReportReporter -->
<testsuite hostname="DESKTOP-H3PC1CM" failures="0" tests="1" name="com.inetBanking.testCases.TC_loginTest_001" time="1.966" errors="0" timestamp="2021-11-25T19:12:03 IST" skipped="0">
  <testcase classname="com.inetBanking.testCases.TC_loginTest_001" name="loginTest" time="1.966"/>
  <system-out/>
</testsuite> <!-- com.inetBanking.testCases.TC_loginTest_001 -->
